<?xml version="1.0" encoding="UTF-8"?>
<!-- Generated by org.testng.reporters.JUnitXMLReporter -->
<testsuite ignored="1" hostname="Dhiman11" failures="0" tests="5" name="Test" time="32.667" errors="0" timestamp="2025-05-26T13:03:47 IST">
  <testcase classname="base_Classes.Base_Class" name="@BeforeTest setup" time="32.617">
    <failure type="java.lang.NullPointerException" message="Cannot invoke &amp;quot;java.util.Properties.getProperty(String)&amp;quot; because &amp;quot;base_Classes.Base_Class.p&amp;quot; is null">
      <![CDATA[java.lang.NullPointerException: Cannot invoke "java.util.Properties.getProperty(String)" because "base_Classes.Base_Class.p" is null
at base_Classes.Base_Class.setup(Base_Class.java:56)
... Removed 22 stack frames]]>
    </failure>
  </testcase> <!-- @BeforeTest setup -->
  <testcase classname="base_Classes.Base_Class" name="@AfterClass teardown" time="0.0">
    <skipped/>
  </testcase> <!-- @AfterClass teardown -->
  <testcase classname="base_Classes.Base_Class" name="@AfterClass teardown" time="0.0">
    <skipped/>
  </testcase> <!-- @AfterClass teardown -->
  <testcase classname="test_Class.TC01_Login_Class_Page" name="LoginOnCloudConsole" time="0.0">
    <skipped/>
  </testcase> <!-- LoginOnCloudConsole -->
  <testcase classname="test_Class.TC06_Application_Page" name="applicationpage" time="0.0">
    <skipped/>
  </testcase> <!-- applicationpage -->
  <testcase classname="test_Class.TC06_Application_Page" name="installapps" time="0.0">
    <skipped/>
  </testcase> <!-- installapps -->
  <testcase classname="test_Class.TC06_Application_Page" name="uninstallsameapps" time="0.0">
    <skipped/>
  </testcase> <!-- uninstallsameapps -->
  <testcase classname="test_Class.TC06_Application_Page" name="CustomApp" time="0.0">
    <skipped/>
  </testcase> <!-- CustomApp -->
  <testcase classname="base_Classes.Base_Class" name="@BeforeTest setup" time="0.0">
    <ignored/>
  </testcase> <!-- @BeforeTest setup -->
</testsuite> <!-- Test -->
